{"D:\\test\\insigna\\q2\\project\\src\\app.ts": {"path":"D:\\test\\insigna\\q2\\project\\src\\app.ts","statementMap":{"0":{"start":{"line":1,"column":0},"end":{"line":1,"column":53}},"1":{"start":{"line":2,"column":0},"end":{"line":2,"column":45}},"2":{"start":{"line":3,"column":0},"end":{"line":3,"column":45}},"3":{"start":{"line":5,"column":12},"end":{"line":5,"column":21}},"4":{"start":{"line":8,"column":0},"end":{"line":8,"column":24}},"5":{"start":{"line":9,"column":0},"end":{"line":9,"column":48}},"6":{"start":{"line":12,"column":0},"end":{"line":17,"column":3}},"7":{"start":{"line":13,"column":2},"end":{"line":16,"column":5}},"8":{"start":{"line":19,"column":0},"end":{"line":19,"column":28}},"9":{"start":{"line":20,"column":0},"end":{"line":20,"column":28}},"10":{"start":{"line":23,"column":0},"end":{"line":25,"column":3}},"11":{"start":{"line":24,"column":2},"end":{"line":24,"column":55}},"12":{"start":{"line":27,"column":0},"end":{"line":27,"column":19}}},"fnMap":{"0":{"name":"(anonymous_1)","decl":{"start":{"line":12,"column":13},"end":{"line":12,"column":14}},"loc":{"start":{"line":12,"column":45},"end":{"line":17,"column":1}}},"1":{"name":"(anonymous_2)","decl":{"start":{"line":23,"column":8},"end":{"line":23,"column":9}},"loc":{"start":{"line":23,"column":40},"end":{"line":25,"column":1}}}},"branchMap":{},"s":{"0":2,"1":2,"2":2,"3":2,"4":2,"5":2,"6":2,"7":0,"8":2,"9":2,"10":2,"11":0,"12":2},"f":{"0":0,"1":0},"b":{}}
,"D:\\test\\insigna\\q2\\project\\src\\index.ts": {"path":"D:\\test\\insigna\\q2\\project\\src\\index.ts","statementMap":{"0":{"start":{"line":1,"column":0},"end":{"line":1,"column":28}},"1":{"start":{"line":2,"column":0},"end":{"line":2,"column":42}},"2":{"start":{"line":3,"column":0},"end":{"line":3,"column":24}},"3":{"start":{"line":6,"column":0},"end":{"line":6,"column":16}},"4":{"start":{"line":8,"column":13},"end":{"line":8,"column":37}},"5":{"start":{"line":11,"column":0},"end":{"line":11,"column":12}},"6":{"start":{"line":14,"column":0},"end":{"line":16,"column":3}},"7":{"start":{"line":15,"column":2},"end":{"line":15,"column":60}}},"fnMap":{"0":{"name":"(anonymous_1)","decl":{"start":{"line":14,"column":17},"end":{"line":14,"column":20}},"loc":{"start":{"line":14,"column":22},"end":{"line":16,"column":1}}}},"branchMap":{"0":{"loc":{"start":{"line":8,"column":13},"end":{"line":8,"column":37}},"type":"binary-expr","locations":[{"start":{"line":8,"column":13},"end":{"line":8,"column":29}},{"start":{"line":8,"column":33},"end":{"line":8,"column":37}}]}},"s":{"0":0,"1":0,"2":0,"3":0,"4":0,"5":0,"6":0,"7":0},"f":{"0":0},"b":{"0":[0,0]}}
,"D:\\test\\insigna\\q2\\project\\src\\config\\database.ts": {"path":"D:\\test\\insigna\\q2\\project\\src\\config\\database.ts","statementMap":{"0":{"start":{"line":1,"column":0},"end":{"line":1,"column":32}},"1":{"start":{"line":3,"column":18},"end":{"line":12,"column":2}},"2":{"start":{"line":3,"column":44},"end":{"line":12,"column":2}},"3":{"start":{"line":4,"column":2},"end":{"line":11,"column":3}},"4":{"start":{"line":5,"column":21},"end":{"line":5,"column":89}},"5":{"start":{"line":6,"column":4},"end":{"line":6,"column":37}},"6":{"start":{"line":7,"column":4},"end":{"line":7,"column":50}},"7":{"start":{"line":9,"column":4},"end":{"line":9,"column":54}},"8":{"start":{"line":10,"column":4},"end":{"line":10,"column":20}},"9":{"start":{"line":14,"column":0},"end":{"line":14,"column":25}}},"fnMap":{"0":{"name":"(anonymous_8)","decl":{"start":{"line":3,"column":18},"end":{"line":3,"column":42}},"loc":{"start":{"line":3,"column":44},"end":{"line":12,"column":2}}},"1":{"name":"(anonymous_9)","decl":{"start":{"line":3,"column":44},"end":{"line":3,"column":null}},"loc":{"start":{"line":3,"column":44},"end":{"line":12,"column":1}}}},"branchMap":{"0":{"loc":{"start":{"line":5,"column":21},"end":{"line":5,"column":89}},"type":"binary-expr","locations":[{"start":{"line":5,"column":21},"end":{"line":5,"column":44}},{"start":{"line":5,"column":48},"end":{"line":5,"column":89}}]}},"s":{"0":0,"1":0,"2":0,"3":0,"4":0,"5":0,"6":0,"7":0,"8":0,"9":0},"f":{"0":0,"1":0},"b":{"0":[0,0]}}
,"D:\\test\\insigna\\q2\\project\\src\\controllers\\authController.ts": {"path":"D:\\test\\insigna\\q2\\project\\src\\controllers\\authController.ts","statementMap":{"0":{"start":{"line":2,"column":0},"end":{"line":2,"column":28}},"1":{"start":{"line":3,"column":0},"end":{"line":3,"column":31}},"2":{"start":{"line":4,"column":0},"end":{"line":4,"column":34}},"3":{"start":{"line":5,"column":0},"end":{"line":5,"column":58}},"4":{"start":{"line":7,"column":21},"end":{"line":57,"column":2}},"5":{"start":{"line":7,"column":74},"end":{"line":57,"column":2}},"6":{"start":{"line":8,"column":2},"end":{"line":56,"column":3}},"7":{"start":{"line":10,"column":29},"end":{"line":10,"column":59}},"8":{"start":{"line":11,"column":4},"end":{"line":14,"column":5}},"9":{"start":{"line":12,"column":6},"end":{"line":12,"column":66}},"10":{"start":{"line":13,"column":6},"end":{"line":13,"column":13}},"11":{"start":{"line":16,"column":32},"end":{"line":16,"column":37}},"12":{"start":{"line":19,"column":17},"end":{"line":19,"column":46}},"13":{"start":{"line":20,"column":4},"end":{"line":23,"column":5}},"14":{"start":{"line":21,"column":6},"end":{"line":21,"column":69}},"15":{"start":{"line":22,"column":6},"end":{"line":22,"column":13}},"16":{"start":{"line":26,"column":28},"end":{"line":26,"column":73}},"17":{"start":{"line":27,"column":4},"end":{"line":30,"column":5}},"18":{"start":{"line":28,"column":6},"end":{"line":28,"column":69}},"19":{"start":{"line":29,"column":6},"end":{"line":29,"column":13}},"20":{"start":{"line":33,"column":22},"end":{"line":33,"column":65}},"21":{"start":{"line":34,"column":25},"end":{"line":34,"column":60}},"22":{"start":{"line":36,"column":18},"end":{"line":39,"column":null}},"23":{"start":{"line":43,"column":4},"end":{"line":52,"column":7}},"24":{"start":{"line":54,"column":4},"end":{"line":54,"column":48}},"25":{"start":{"line":55,"column":4},"end":{"line":55,"column":63}},"26":{"start":{"line":7,"column":13},"end":{"line":7,"column":21}}},"fnMap":{"0":{"name":"(anonymous_8)","decl":{"start":{"line":7,"column":21},"end":{"line":7,"column":28}},"loc":{"start":{"line":7,"column":74},"end":{"line":57,"column":2}}},"1":{"name":"(anonymous_9)","decl":{"start":{"line":7,"column":74},"end":{"line":7,"column":null}},"loc":{"start":{"line":7,"column":74},"end":{"line":57,"column":1}}}},"branchMap":{"0":{"loc":{"start":{"line":11,"column":4},"end":{"line":14,"column":5}},"type":"if","locations":[{"start":{"line":11,"column":4},"end":{"line":14,"column":5}},{"start":{},"end":{}}]},"1":{"loc":{"start":{"line":20,"column":4},"end":{"line":23,"column":5}},"type":"if","locations":[{"start":{"line":20,"column":4},"end":{"line":23,"column":5}},{"start":{},"end":{}}]},"2":{"loc":{"start":{"line":27,"column":4},"end":{"line":30,"column":5}},"type":"if","locations":[{"start":{"line":27,"column":4},"end":{"line":30,"column":5}},{"start":{},"end":{}}]},"3":{"loc":{"start":{"line":33,"column":22},"end":{"line":33,"column":65}},"type":"binary-expr","locations":[{"start":{"line":33,"column":22},"end":{"line":33,"column":44}},{"start":{"line":33,"column":48},"end":{"line":33,"column":65}}]},"4":{"loc":{"start":{"line":34,"column":25},"end":{"line":34,"column":60}},"type":"binary-expr","locations":[{"start":{"line":34,"column":25},"end":{"line":34,"column":51}},{"start":{"line":34,"column":55},"end":{"line":34,"column":60}}]}},"s":{"0":2,"1":2,"2":2,"3":2,"4":2,"5":6,"6":6,"7":6,"8":6,"9":3,"10":3,"11":3,"12":3,"13":3,"14":1,"15":1,"16":2,"17":2,"18":1,"19":1,"20":1,"21":1,"22":1,"23":1,"24":0,"25":0,"26":2},"f":{"0":6,"1":6},"b":{"0":[3,3],"1":[1,2],"2":[1,1],"3":[1,1],"4":[1,1]}}
,"D:\\test\\insigna\\q2\\project\\src\\controllers\\userController.ts": {"path":"D:\\test\\insigna\\q2\\project\\src\\controllers\\userController.ts","statementMap":{"0":{"start":{"line":2,"column":0},"end":{"line":2,"column":28}},"1":{"start":{"line":3,"column":0},"end":{"line":3,"column":34}},"2":{"start":{"line":4,"column":0},"end":{"line":4,"column":81}},"3":{"start":{"line":8,"column":26},"end":{"line":55,"column":2}},"4":{"start":{"line":8,"column":79},"end":{"line":55,"column":2}},"5":{"start":{"line":9,"column":2},"end":{"line":54,"column":3}},"6":{"start":{"line":11,"column":29},"end":{"line":11,"column":64}},"7":{"start":{"line":12,"column":4},"end":{"line":15,"column":5}},"8":{"start":{"line":13,"column":6},"end":{"line":13,"column":66}},"9":{"start":{"line":14,"column":6},"end":{"line":14,"column":13}},"10":{"start":{"line":17,"column":38},"end":{"line":17,"column":43}},"11":{"start":{"line":20,"column":25},"end":{"line":20,"column":54}},"12":{"start":{"line":21,"column":4},"end":{"line":24,"column":5}},"13":{"start":{"line":22,"column":6},"end":{"line":22,"column":79}},"14":{"start":{"line":23,"column":6},"end":{"line":23,"column":13}},"15":{"start":{"line":27,"column":23},"end":{"line":27,"column":25}},"16":{"start":{"line":28,"column":27},"end":{"line":28,"column":66}},"17":{"start":{"line":31,"column":17},"end":{"line":35,"column":6}},"18":{"start":{"line":37,"column":4},"end":{"line":37,"column":22}},"19":{"start":{"line":40,"column":25},"end":{"line":45,"column":6}},"20":{"start":{"line":47,"column":4},"end":{"line":50,"column":7}},"21":{"start":{"line":52,"column":4},"end":{"line":52,"column":49}},"22":{"start":{"line":53,"column":4},"end":{"line":53,"column":63}},"23":{"start":{"line":8,"column":13},"end":{"line":8,"column":26}},"24":{"start":{"line":58,"column":27},"end":{"line":69,"column":2}},"25":{"start":{"line":58,"column":84},"end":{"line":69,"column":2}},"26":{"start":{"line":59,"column":2},"end":{"line":68,"column":3}},"27":{"start":{"line":60,"column":18},"end":{"line":60,"column":55}},"28":{"start":{"line":61,"column":4},"end":{"line":64,"column":7}},"29":{"start":{"line":66,"column":4},"end":{"line":66,"column":50}},"30":{"start":{"line":67,"column":4},"end":{"line":67,"column":63}},"31":{"start":{"line":58,"column":13},"end":{"line":58,"column":27}},"32":{"start":{"line":72,"column":27},"end":{"line":91,"column":2}},"33":{"start":{"line":72,"column":84},"end":{"line":91,"column":2}},"34":{"start":{"line":73,"column":2},"end":{"line":90,"column":3}},"35":{"start":{"line":74,"column":19},"end":{"line":74,"column":29}},"36":{"start":{"line":76,"column":17},"end":{"line":76,"column":60}},"37":{"start":{"line":77,"column":4},"end":{"line":80,"column":5}},"38":{"start":{"line":78,"column":6},"end":{"line":78,"column":58}},"39":{"start":{"line":79,"column":6},"end":{"line":79,"column":13}},"40":{"start":{"line":82,"column":4},"end":{"line":82,"column":35}},"41":{"start":{"line":84,"column":4},"end":{"line":84,"column":49}},"42":{"start":{"line":85,"column":4},"end":{"line":89,"column":5}},"43":{"start":{"line":86,"column":6},"end":{"line":86,"column":66}},"44":{"start":{"line":88,"column":6},"end":{"line":88,"column":65}},"45":{"start":{"line":72,"column":13},"end":{"line":72,"column":27}},"46":{"start":{"line":94,"column":26},"end":{"line":143,"column":2}},"47":{"start":{"line":94,"column":79},"end":{"line":143,"column":2}},"48":{"start":{"line":95,"column":2},"end":{"line":142,"column":3}},"49":{"start":{"line":96,"column":19},"end":{"line":96,"column":29}},"50":{"start":{"line":99,"column":29},"end":{"line":99,"column":64}},"51":{"start":{"line":100,"column":4},"end":{"line":103,"column":5}},"52":{"start":{"line":101,"column":6},"end":{"line":101,"column":66}},"53":{"start":{"line":102,"column":6},"end":{"line":102,"column":13}},"54":{"start":{"line":106,"column":4},"end":{"line":109,"column":5}},"55":{"start":{"line":107,"column":25},"end":{"line":107,"column":27}},"56":{"start":{"line":108,"column":6},"end":{"line":108,"column":69}},"57":{"start":{"line":112,"column":4},"end":{"line":118,"column":5}},"58":{"start":{"line":113,"column":27},"end":{"line":113,"column":87}},"59":{"start":{"line":114,"column":6},"end":{"line":117,"column":7}},"60":{"start":{"line":115,"column":8},"end":{"line":115,"column":66}},"61":{"start":{"line":116,"column":8},"end":{"line":116,"column":15}},"62":{"start":{"line":120,"column":17},"end":{"line":124,"column":25}},"63":{"start":{"line":126,"column":4},"end":{"line":129,"column":5}},"64":{"start":{"line":127,"column":6},"end":{"line":127,"column":58}},"65":{"start":{"line":128,"column":6},"end":{"line":128,"column":13}},"66":{"start":{"line":131,"column":4},"end":{"line":134,"column":7}},"67":{"start":{"line":136,"column":4},"end":{"line":136,"column":49}},"68":{"start":{"line":137,"column":4},"end":{"line":141,"column":5}},"69":{"start":{"line":138,"column":6},"end":{"line":138,"column":66}},"70":{"start":{"line":140,"column":6},"end":{"line":140,"column":65}},"71":{"start":{"line":94,"column":13},"end":{"line":94,"column":26}},"72":{"start":{"line":146,"column":26},"end":{"line":165,"column":2}},"73":{"start":{"line":146,"column":79},"end":{"line":165,"column":2}},"74":{"start":{"line":147,"column":2},"end":{"line":164,"column":3}},"75":{"start":{"line":148,"column":19},"end":{"line":148,"column":29}},"76":{"start":{"line":150,"column":17},"end":{"line":150,"column":49}},"77":{"start":{"line":151,"column":4},"end":{"line":154,"column":5}},"78":{"start":{"line":152,"column":6},"end":{"line":152,"column":58}},"79":{"start":{"line":153,"column":6},"end":{"line":153,"column":13}},"80":{"start":{"line":156,"column":4},"end":{"line":156,"column":67}},"81":{"start":{"line":158,"column":4},"end":{"line":158,"column":49}},"82":{"start":{"line":159,"column":4},"end":{"line":163,"column":5}},"83":{"start":{"line":160,"column":6},"end":{"line":160,"column":66}},"84":{"start":{"line":162,"column":6},"end":{"line":162,"column":65}},"85":{"start":{"line":146,"column":13},"end":{"line":146,"column":26}}},"fnMap":{"0":{"name":"(anonymous_8)","decl":{"start":{"line":8,"column":26},"end":{"line":8,"column":33}},"loc":{"start":{"line":8,"column":79},"end":{"line":55,"column":2}}},"1":{"name":"(anonymous_9)","decl":{"start":{"line":8,"column":79},"end":{"line":8,"column":null}},"loc":{"start":{"line":8,"column":79},"end":{"line":55,"column":1}}},"2":{"name":"(anonymous_10)","decl":{"start":{"line":58,"column":27},"end":{"line":58,"column":34}},"loc":{"start":{"line":58,"column":84},"end":{"line":69,"column":2}}},"3":{"name":"(anonymous_11)","decl":{"start":{"line":58,"column":84},"end":{"line":58,"column":null}},"loc":{"start":{"line":58,"column":84},"end":{"line":69,"column":1}}},"4":{"name":"(anonymous_12)","decl":{"start":{"line":72,"column":27},"end":{"line":72,"column":34}},"loc":{"start":{"line":72,"column":84},"end":{"line":91,"column":2}}},"5":{"name":"(anonymous_13)","decl":{"start":{"line":72,"column":84},"end":{"line":72,"column":null}},"loc":{"start":{"line":72,"column":84},"end":{"line":91,"column":1}}},"6":{"name":"(anonymous_14)","decl":{"start":{"line":94,"column":26},"end":{"line":94,"column":33}},"loc":{"start":{"line":94,"column":79},"end":{"line":143,"column":2}}},"7":{"name":"(anonymous_15)","decl":{"start":{"line":94,"column":79},"end":{"line":94,"column":null}},"loc":{"start":{"line":94,"column":79},"end":{"line":143,"column":1}}},"8":{"name":"(anonymous_16)","decl":{"start":{"line":146,"column":26},"end":{"line":146,"column":33}},"loc":{"start":{"line":146,"column":79},"end":{"line":165,"column":2}}},"9":{"name":"(anonymous_17)","decl":{"start":{"line":146,"column":79},"end":{"line":146,"column":null}},"loc":{"start":{"line":146,"column":79},"end":{"line":165,"column":1}}}},"branchMap":{"0":{"loc":{"start":{"line":12,"column":4},"end":{"line":15,"column":5}},"type":"if","locations":[{"start":{"line":12,"column":4},"end":{"line":15,"column":5}},{"start":{},"end":{}}]},"1":{"loc":{"start":{"line":21,"column":4},"end":{"line":24,"column":5}},"type":"if","locations":[{"start":{"line":21,"column":4},"end":{"line":24,"column":5}},{"start":{},"end":{}}]},"2":{"loc":{"start":{"line":77,"column":4},"end":{"line":80,"column":5}},"type":"if","locations":[{"start":{"line":77,"column":4},"end":{"line":80,"column":5}},{"start":{},"end":{}}]},"3":{"loc":{"start":{"line":85,"column":4},"end":{"line":89,"column":5}},"type":"if","locations":[{"start":{"line":85,"column":4},"end":{"line":89,"column":5}},{"start":{"line":87,"column":11},"end":{"line":89,"column":5}}]},"4":{"loc":{"start":{"line":100,"column":4},"end":{"line":103,"column":5}},"type":"if","locations":[{"start":{"line":100,"column":4},"end":{"line":103,"column":5}},{"start":{},"end":{}}]},"5":{"loc":{"start":{"line":106,"column":4},"end":{"line":109,"column":5}},"type":"if","locations":[{"start":{"line":106,"column":4},"end":{"line":109,"column":5}},{"start":{},"end":{}}]},"6":{"loc":{"start":{"line":112,"column":4},"end":{"line":118,"column":5}},"type":"if","locations":[{"start":{"line":112,"column":4},"end":{"line":118,"column":5}},{"start":{},"end":{}}]},"7":{"loc":{"start":{"line":114,"column":6},"end":{"line":117,"column":7}},"type":"if","locations":[{"start":{"line":114,"column":6},"end":{"line":117,"column":7}},{"start":{},"end":{}}]},"8":{"loc":{"start":{"line":126,"column":4},"end":{"line":129,"column":5}},"type":"if","locations":[{"start":{"line":126,"column":4},"end":{"line":129,"column":5}},{"start":{},"end":{}}]},"9":{"loc":{"start":{"line":137,"column":4},"end":{"line":141,"column":5}},"type":"if","locations":[{"start":{"line":137,"column":4},"end":{"line":141,"column":5}},{"start":{"line":139,"column":11},"end":{"line":141,"column":5}}]},"10":{"loc":{"start":{"line":151,"column":4},"end":{"line":154,"column":5}},"type":"if","locations":[{"start":{"line":151,"column":4},"end":{"line":154,"column":5}},{"start":{},"end":{}}]},"11":{"loc":{"start":{"line":159,"column":4},"end":{"line":163,"column":5}},"type":"if","locations":[{"start":{"line":159,"column":4},"end":{"line":163,"column":5}},{"start":{"line":161,"column":11},"end":{"line":163,"column":5}}]}},"s":{"0":2,"1":2,"2":2,"3":2,"4":6,"5":6,"6":6,"7":6,"8":3,"9":3,"10":3,"11":3,"12":3,"13":1,"14":1,"15":2,"16":2,"17":2,"18":2,"19":2,"20":2,"21":0,"22":0,"23":2,"24":2,"25":1,"26":1,"27":1,"28":1,"29":0,"30":0,"31":2,"32":2,"33":3,"34":3,"35":3,"36":3,"37":2,"38":1,"39":1,"40":1,"41":1,"42":1,"43":1,"44":0,"45":2,"46":2,"47":7,"48":7,"49":7,"50":7,"51":7,"52":2,"53":2,"54":5,"55":1,"56":1,"57":5,"58":2,"59":2,"60":1,"61":1,"62":4,"63":4,"64":1,"65":1,"66":3,"67":0,"68":0,"69":0,"70":0,"71":2,"72":2,"73":3,"74":3,"75":3,"76":3,"77":2,"78":1,"79":1,"80":1,"81":1,"82":1,"83":1,"84":0,"85":2},"f":{"0":6,"1":6,"2":1,"3":1,"4":3,"5":3,"6":7,"7":7,"8":3,"9":3},"b":{"0":[3,3],"1":[1,2],"2":[1,1],"3":[1,0],"4":[2,5],"5":[1,4],"6":[2,3],"7":[1,1],"8":[1,3],"9":[0,0],"10":[1,1],"11":[1,0]}}
,"D:\\test\\insigna\\q2\\project\\src\\middleware\\auth.ts": {"path":"D:\\test\\insigna\\q2\\project\\src\\middleware\\auth.ts","statementMap":{"0":{"start":{"line":2,"column":0},"end":{"line":2,"column":31}},"1":{"start":{"line":8,"column":30},"end":{"line":27,"column":1}},"2":{"start":{"line":9,"column":2},"end":{"line":26,"column":3}},"3":{"start":{"line":10,"column":23},"end":{"line":10,"column":48}},"4":{"start":{"line":12,"column":4},"end":{"line":15,"column":5}},"5":{"start":{"line":13,"column":6},"end":{"line":13,"column":61}},"6":{"start":{"line":14,"column":6},"end":{"line":14,"column":13}},"7":{"start":{"line":17,"column":18},"end":{"line":17,"column":41}},"8":{"start":{"line":18,"column":22},"end":{"line":18,"column":65}},"9":{"start":{"line":20,"column":20},"end":{"line":20,"column":72}},"10":{"start":{"line":21,"column":4},"end":{"line":21,"column":32}},"11":{"start":{"line":23,"column":4},"end":{"line":23,"column":11}},"12":{"start":{"line":25,"column":4},"end":{"line":25,"column":66}},"13":{"start":{"line":8,"column":13},"end":{"line":8,"column":30}}},"fnMap":{"0":{"name":"(anonymous_1)","decl":{"start":{"line":8,"column":30},"end":{"line":8,"column":31}},"loc":{"start":{"line":8,"column":92},"end":{"line":27,"column":1}}}},"branchMap":{"0":{"loc":{"start":{"line":12,"column":4},"end":{"line":15,"column":5}},"type":"if","locations":[{"start":{"line":12,"column":4},"end":{"line":15,"column":5}},{"start":{},"end":{}}]},"1":{"loc":{"start":{"line":12,"column":8},"end":{"line":12,"column":56}},"type":"binary-expr","locations":[{"start":{"line":12,"column":8},"end":{"line":12,"column":19}},{"start":{"line":12,"column":23},"end":{"line":12,"column":56}}]},"2":{"loc":{"start":{"line":18,"column":22},"end":{"line":18,"column":65}},"type":"binary-expr","locations":[{"start":{"line":18,"column":22},"end":{"line":18,"column":44}},{"start":{"line":18,"column":48},"end":{"line":18,"column":65}}]}},"s":{"0":2,"1":2,"2":8,"3":8,"4":8,"5":3,"6":3,"7":5,"8":5,"9":5,"10":4,"11":4,"12":1,"13":2},"f":{"0":8},"b":{"0":[3,5],"1":[8,6],"2":[5,5]}}
,"D:\\test\\insigna\\q2\\project\\src\\models\\User.ts": {"path":"D:\\test\\insigna\\q2\\project\\src\\models\\User.ts","statementMap":{"0":{"start":{"line":1,"column":0},"end":{"line":1,"column":54}},"1":{"start":{"line":10,"column":27},"end":{"line":32,"column":2}},"2":{"start":{"line":34,"column":0},"end":{"line":34,"column":57}}},"fnMap":{},"branchMap":{},"s":{"0":2,"1":2,"2":2},"f":{},"b":{}}
,"D:\\test\\insigna\\q2\\project\\src\\routes\\authRoutes.ts": {"path":"D:\\test\\insigna\\q2\\project\\src\\routes\\authRoutes.ts","statementMap":{"0":{"start":{"line":1,"column":0},"end":{"line":1,"column":33}},"1":{"start":{"line":2,"column":0},"end":{"line":2,"column":54}},"2":{"start":{"line":4,"column":15},"end":{"line":4,"column":23}},"3":{"start":{"line":6,"column":0},"end":{"line":6,"column":29}},"4":{"start":{"line":8,"column":0},"end":{"line":8,"column":22}}},"fnMap":{},"branchMap":{},"s":{"0":2,"1":2,"2":2,"3":2,"4":2},"f":{},"b":{}}
,"D:\\test\\insigna\\q2\\project\\src\\routes\\userRoutes.ts": {"path":"D:\\test\\insigna\\q2\\project\\src\\routes\\userRoutes.ts","statementMap":{"0":{"start":{"line":1,"column":0},"end":{"line":1,"column":33}},"1":{"start":{"line":2,"column":0},"end":{"line":2,"column":null}},"2":{"start":{"line":9,"column":0},"end":{"line":9,"column":52}},"3":{"start":{"line":11,"column":15},"end":{"line":11,"column":23}},"4":{"start":{"line":14,"column":0},"end":{"line":14,"column":34}},"5":{"start":{"line":15,"column":0},"end":{"line":15,"column":37}},"6":{"start":{"line":16,"column":0},"end":{"line":16,"column":40}},"7":{"start":{"line":19,"column":0},"end":{"line":19,"column":50}},"8":{"start":{"line":20,"column":0},"end":{"line":20,"column":54}},"9":{"start":{"line":22,"column":0},"end":{"line":22,"column":22}}},"fnMap":{},"branchMap":{},"s":{"0":2,"1":2,"2":2,"3":2,"4":2,"5":2,"6":2,"7":2,"8":2,"9":2},"f":{},"b":{}}
,"D:\\test\\insigna\\q2\\project\\src\\validators\\userValidator.ts": {"path":"D:\\test\\insigna\\q2\\project\\src\\validators\\userValidator.ts","statementMap":{"0":{"start":{"line":1,"column":0},"end":{"line":1,"column":22}},"1":{"start":{"line":3,"column":13},"end":{"line":17,"column":3}},"2":{"start":{"line":19,"column":13},"end":{"line":23,"column":10}},"3":{"start":{"line":25,"column":13},"end":{"line":33,"column":3}}},"fnMap":{},"branchMap":{},"s":{"0":2,"1":2,"2":2,"3":2},"f":{},"b":{}}
}
