TN:
SF:src\app.ts
FN:12,(anonymous_1)
FN:23,(anonymous_2)
FNF:2
FNH:0
FNDA:0,(anonymous_1)
FNDA:0,(anonymous_2)
DA:1,2
DA:2,2
DA:3,2
DA:5,2
DA:8,2
DA:9,2
DA:12,2
DA:13,0
DA:19,2
DA:20,2
DA:23,2
DA:24,0
DA:27,2
LF:13
LH:11
BRF:0
BRH:0
end_of_record
TN:
SF:src\index.ts
FN:14,(anonymous_1)
FNF:1
FNH:0
FNDA:0,(anonymous_1)
DA:1,0
DA:2,0
DA:3,0
DA:6,0
DA:8,0
DA:11,0
DA:14,0
DA:15,0
LF:8
LH:0
BRDA:8,0,0,0
BRDA:8,0,1,0
BRF:2
BRH:0
end_of_record
TN:
SF:src\config\database.ts
FN:3,(anonymous_8)
FN:3,(anonymous_9)
FNF:2
FNH:0
FNDA:0,(anonymous_8)
FNDA:0,(anonymous_9)
DA:1,0
DA:3,0
DA:4,0
DA:5,0
DA:6,0
DA:7,0
DA:9,0
DA:10,0
DA:14,0
LF:9
LH:0
BRDA:5,0,0,0
BRDA:5,0,1,0
BRF:2
BRH:0
end_of_record
TN:
SF:src\controllers\authController.ts
FN:7,(anonymous_8)
FN:7,(anonymous_9)
FNF:2
FNH:2
FNDA:6,(anonymous_8)
FNDA:6,(anonymous_9)
DA:2,2
DA:3,2
DA:4,2
DA:5,2
DA:7,6
DA:8,6
DA:10,6
DA:11,6
DA:12,3
DA:13,3
DA:16,3
DA:19,3
DA:20,3
DA:21,1
DA:22,1
DA:26,2
DA:27,2
DA:28,1
DA:29,1
DA:33,1
DA:34,1
DA:36,1
DA:43,1
DA:54,0
DA:55,0
LF:25
LH:23
BRDA:11,0,0,3
BRDA:11,0,1,3
BRDA:20,1,0,1
BRDA:20,1,1,2
BRDA:27,2,0,1
BRDA:27,2,1,1
BRDA:33,3,0,1
BRDA:33,3,1,1
BRDA:34,4,0,1
BRDA:34,4,1,1
BRF:10
BRH:10
end_of_record
TN:
SF:src\controllers\userController.ts
FN:8,(anonymous_8)
FN:8,(anonymous_9)
FN:58,(anonymous_10)
FN:58,(anonymous_11)
FN:72,(anonymous_12)
FN:72,(anonymous_13)
FN:94,(anonymous_14)
FN:94,(anonymous_15)
FN:146,(anonymous_16)
FN:146,(anonymous_17)
FNF:10
FNH:10
FNDA:6,(anonymous_8)
FNDA:6,(anonymous_9)
FNDA:1,(anonymous_10)
FNDA:1,(anonymous_11)
FNDA:3,(anonymous_12)
FNDA:3,(anonymous_13)
FNDA:7,(anonymous_14)
FNDA:7,(anonymous_15)
FNDA:3,(anonymous_16)
FNDA:3,(anonymous_17)
DA:2,2
DA:3,2
DA:4,2
DA:8,6
DA:9,6
DA:11,6
DA:12,6
DA:13,3
DA:14,3
DA:17,3
DA:20,3
DA:21,3
DA:22,1
DA:23,1
DA:27,2
DA:28,2
DA:31,2
DA:37,2
DA:40,2
DA:47,2
DA:52,0
DA:53,0
DA:58,2
DA:59,1
DA:60,1
DA:61,1
DA:66,0
DA:67,0
DA:72,3
DA:73,3
DA:74,3
DA:76,3
DA:77,2
DA:78,1
DA:79,1
DA:82,1
DA:84,1
DA:85,1
DA:86,1
DA:88,0
DA:94,7
DA:95,7
DA:96,7
DA:99,7
DA:100,7
DA:101,2
DA:102,2
DA:106,5
DA:107,1
DA:108,1
DA:112,5
DA:113,2
DA:114,2
DA:115,1
DA:116,1
DA:120,4
DA:126,4
DA:127,1
DA:128,1
DA:131,3
DA:136,0
DA:137,0
DA:138,0
DA:140,0
DA:146,3
DA:147,3
DA:148,3
DA:150,3
DA:151,2
DA:152,1
DA:153,1
DA:156,1
DA:158,1
DA:159,1
DA:160,1
DA:162,0
LF:76
LH:66
BRDA:12,0,0,3
BRDA:12,0,1,3
BRDA:21,1,0,1
BRDA:21,1,1,2
BRDA:77,2,0,1
BRDA:77,2,1,1
BRDA:85,3,0,1
BRDA:85,3,1,0
BRDA:100,4,0,2
BRDA:100,4,1,5
BRDA:106,5,0,1
BRDA:106,5,1,4
BRDA:112,6,0,2
BRDA:112,6,1,3
BRDA:114,7,0,1
BRDA:114,7,1,1
BRDA:126,8,0,1
BRDA:126,8,1,3
BRDA:137,9,0,0
BRDA:137,9,1,0
BRDA:151,10,0,1
BRDA:151,10,1,1
BRDA:159,11,0,1
BRDA:159,11,1,0
BRF:24
BRH:20
end_of_record
TN:
SF:src\middleware\auth.ts
FN:8,(anonymous_1)
FNF:1
FNH:1
FNDA:8,(anonymous_1)
DA:2,2
DA:8,2
DA:9,8
DA:10,8
DA:12,8
DA:13,3
DA:14,3
DA:17,5
DA:18,5
DA:20,5
DA:21,4
DA:23,4
DA:25,1
LF:13
LH:13
BRDA:12,0,0,3
BRDA:12,0,1,5
BRDA:12,1,0,8
BRDA:12,1,1,6
BRDA:18,2,0,5
BRDA:18,2,1,5
BRF:6
BRH:6
end_of_record
TN:
SF:src\models\User.ts
FNF:0
FNH:0
DA:1,2
DA:10,2
DA:34,2
LF:3
LH:3
BRF:0
BRH:0
end_of_record
TN:
SF:src\routes\authRoutes.ts
FNF:0
FNH:0
DA:1,2
DA:2,2
DA:4,2
DA:6,2
DA:8,2
LF:5
LH:5
BRF:0
BRH:0
end_of_record
TN:
SF:src\routes\userRoutes.ts
FNF:0
FNH:0
DA:1,2
DA:2,2
DA:9,2
DA:11,2
DA:14,2
DA:15,2
DA:16,2
DA:19,2
DA:20,2
DA:22,2
LF:10
LH:10
BRF:0
BRH:0
end_of_record
TN:
SF:src\validators\userValidator.ts
FNF:0
FNH:0
DA:1,2
DA:3,2
DA:19,2
DA:25,2
LF:4
LH:4
BRF:0
BRH:0
end_of_record
